<?xml version="1.0" encoding="UTF-8" ?>
<testsuite tests="5" failures="0" name="produto.TestRepositorioProdutos" time="0.003" errors="0" skipped="0">
  <properties>
    <property name="java.runtime.name" value="OpenJDK Runtime Environment"/>
    <property name="java.vm.version" value="17.0.4.1+1"/>
    <property name="sun.boot.library.path" value="/usr/lib/jvm/java-17-openjdk-17.0.4.1.1-1.fc36.x86_64/lib"/>
    <property name="maven.multiModuleProjectDirectory" value="/home/Mignoe/Documents/git/UFCG-projects/LEDA/RR1-01-Roteiro-Revisao-Arrays-Interfaces-environment"/>
    <property name="java.vm.vendor" value="Red Hat, Inc."/>
    <property name="java.vendor.url" value="https://www.redhat.com/"/>
    <property name="guice.disable.misplaced.annotation.check" value="true"/>
    <property name="path.separator" value=":"/>
    <property name="java.vm.name" value="OpenJDK 64-Bit Server VM"/>
    <property name="user.country" value="CA"/>
    <property name="sun.java.launcher" value="SUN_STANDARD"/>
    <property name="java.vm.specification.name" value="Java Virtual Machine Specification"/>
    <property name="user.dir" value="/home/Mignoe/Documents/git/UFCG-projects/LEDA/RR1-01-Roteiro-Revisao-Arrays-Interfaces-environment"/>
    <property name="java.vm.compressedOopsMode" value="32-bit"/>
    <property name="java.runtime.version" value="17.0.4.1+1"/>
    <property name="os.arch" value="amd64"/>
    <property name="java.io.tmpdir" value="/tmp"/>
    <property name="line.separator" value="
"/>
    <property name="java.vm.specification.vendor" value="Oracle Corporation"/>
    <property name="os.name" value="Linux"/>
    <property name="classworlds.conf" value="/home/Mignoe/Documents/apache-maven-3.8.6/bin/m2.conf"/>
    <property name="sun.jnu.encoding" value="UTF-8"/>
    <property name="java.library.path" value="/usr/java/packages/lib:/usr/lib64:/lib64:/lib:/usr/lib"/>
    <property name="maven.conf" value="/home/Mignoe/Documents/apache-maven-3.8.6/conf"/>
    <property name="jdk.debug" value="release"/>
    <property name="java.class.version" value="61.0"/>
    <property name="java.specification.name" value="Java Platform API Specification"/>
    <property name="sun.management.compiler" value="HotSpot 64-Bit Tiered Compilers"/>
    <property name="os.version" value="5.19.9-200.fc36.x86_64"/>
    <property name="library.jansi.path" value="/home/Mignoe/Documents/apache-maven-3.8.6/lib/jansi-native"/>
    <property name="user.home" value="/home/Mignoe"/>
    <property name="user.timezone" value="America/Recife"/>
    <property name="file.encoding" value="UTF-8"/>
    <property name="java.specification.version" value="17"/>
    <property name="user.name" value="Mignoe"/>
    <property name="java.class.path" value="/home/Mignoe/Documents/apache-maven-3.8.6/boot/plexus-classworlds-2.6.0.jar"/>
    <property name="java.vm.specification.version" value="17"/>
    <property name="sun.arch.data.model" value="64"/>
    <property name="sun.java.command" value="org.codehaus.plexus.classworlds.launcher.Launcher install"/>
    <property name="java.home" value="/usr/lib/jvm/java-17-openjdk-17.0.4.1.1-1.fc36.x86_64"/>
    <property name="user.language" value="en"/>
    <property name="java.specification.vendor" value="Oracle Corporation"/>
    <property name="java.vm.info" value="mixed mode, sharing"/>
    <property name="java.version" value="17.0.4.1"/>
    <property name="native.encoding" value="UTF-8"/>
    <property name="java.vendor" value="Red Hat, Inc."/>
    <property name="sun.stderr.encoding" value="UTF-8"/>
    <property name="maven.home" value="/home/Mignoe/Documents/apache-maven-3.8.6"/>
    <property name="file.separator" value="/"/>
    <property name="java.version.date" value="2022-08-12"/>
    <property name="java.vendor.url.bug" value="https://bugzilla.redhat.com/enter_bug.cgi?product=Fedora&amp;component=java-17-openjdk&amp;version=36"/>
    <property name="sun.io.unicode.encoding" value="UnicodeLittle"/>
    <property name="sun.cpu.endian" value="little"/>
    <property name="java.vendor.version" value="(Red_Hat-17.0.4.1.1-1.fc36)"/>
    <property name="sun.stdout.encoding" value="UTF-8"/>
  </properties>
  <testcase classname="produto.TestRepositorioProdutos" name="testProcurar" time="0.003"/>
  <testcase classname="produto.TestRepositorioProdutos" name="testRemover" time="0"/>
  <testcase classname="produto.TestRepositorioProdutos" name="testAtualizar" time="0"/>
  <testcase classname="produto.TestRepositorioProdutos" name="testExiste" time="0"/>
  <testcase classname="produto.TestRepositorioProdutos" name="testInserir" time="0"/>
</testsuite>